#
# There is insufficient memory for the Java Runtime Environment to continue.
# Native memory allocation (malloc) failed to allocate 386976 bytes for Chunk::new
# Possible reasons:
#   The system is out of physical RAM or swap space
#   In 32 bit mode, the process size limit was hit
# Possible solutions:
#   Reduce memory load on the system
#   Increase physical memory or swap space
#   Check if swap backing store is full
#   Use 64 bit Java on a 64 bit OS
#   Decrease Java heap size (-Xmx/-Xms)
#   Decrease number of Java threads
#   Decrease Java thread stack sizes (-Xss)
#   Set larger code cache with -XX:ReservedCodeCacheSize=
# This output file may be truncated or incomplete.
#
#  Out of Memory Error (allocation.cpp:390), pid=2724, tid=0x0000000000005828
#
# JRE version: Java(TM) SE Runtime Environment (8.0_151-b12) (build 1.8.0_151-b12)
# Java VM: Java HotSpot(TM) 64-Bit Server VM (25.151-b12 mixed mode windows-amd64 compressed oops)
# Failed to write core dump. Minidumps are not enabled by default on client versions of Windows
#

---------------  T H R E A D  ---------------

Current thread (0x000000001eba2000):  JavaThread "C2 CompilerThread0" daemon [_thread_in_native, id=22568, stack(0x000000001f270000,0x000000001f370000)]

Stack: [0x000000001f270000,0x000000001f370000]
[error occurred during error reporting (printing stack bounds), id 0xc0000005]

Native frames: (J=compiled Java code, j=interpreted, Vv=VM code, C=native code)


Current CompileTask:
C2:   2739  964   !   4       java.net.URL::<init> (543 bytes)


---------------  P R O C E S S  ---------------

Java Threads: ( => current thread )
  0x000000001faac800 JavaThread "com.google.inject.internal.util.$Finalizer" daemon [_thread_blocked, id=29060, stack(0x0000000020170000,0x0000000020270000)]
  0x000000001ec38000 JavaThread "Service Thread" daemon [_thread_blocked, id=32404, stack(0x000000001f770000,0x000000001f870000)]
  0x000000001ebf1800 JavaThread "C1 CompilerThread3" daemon [_thread_in_native, id=20228, stack(0x000000001f670000,0x000000001f770000)]
  0x000000001eba9800 JavaThread "C2 CompilerThread2" daemon [_thread_blocked, id=26368, stack(0x000000001f470000,0x000000001f570000)]
  0x000000001eba4800 JavaThread "C2 CompilerThread1" daemon [_thread_blocked, id=30700, stack(0x000000001f370000,0x000000001f470000)]
=>0x000000001eba2000 JavaThread "C2 CompilerThread0" daemon [_thread_in_native, id=22568, stack(0x000000001f270000,0x000000001f370000)]
  0x000000001eba0000 JavaThread "Attach Listener" daemon [_thread_blocked, id=25840, stack(0x000000001f170000,0x000000001f270000)]
  0x000000001eb9f800 JavaThread "Signal Dispatcher" daemon [_thread_blocked, id=21260, stack(0x000000001f070000,0x000000001f170000)]
  0x00000000031de000 JavaThread "Finalizer" daemon [_thread_blocked, id=8216, stack(0x000000001ef10000,0x000000001f010000)]
  0x000000001cc4d800 JavaThread "Reference Handler" daemon [_thread_blocked, id=26436, stack(0x000000001ea10000,0x000000001eb10000)]
  0x00000000030e4800 JavaThread "main" [_thread_in_Java, id=30892, stack(0x0000000002c40000,0x0000000002d40000)]

Other Threads:
  0x000000001cc49800 VMThread [stack: 0x000000001e910000,0x000000001ea10000] [id=31388]
  0x000000001ec85800 WatcherThread [stack: 0x000000001f870000,0x000000001f970000] [id=1232]

VM state:not at safepoint (normal execution)

VM Mutex/Monitor currently owned by a thread: None

Heap:
 PSYoungGen      total 76288K, used 53823K [0x000000076b400000, 0x0000000770900000, 0x00000007c0000000)
  eden space 65536K, 82% used [0x000000076b400000,0x000000076e88fc60,0x000000076f400000)
  from space 10752K, 0% used [0x000000076fe80000,0x000000076fe80000,0x0000000770900000)
  to   space 10752K, 0% used [0x000000076f400000,0x000000076f400000,0x000000076fe80000)
 ParOldGen       total 175104K, used 0K [0x00000006c1c00000, 0x00000006cc700000, 0x000000076b400000)
  object space 175104K, 0% used [0x00000006c1c00000,0x00000006c1c00000,0x00000006cc700000)
 Metaspace       used 14892K, capacity 15084K, committed 15360K, reserved 1062912K
  class space    used 1949K, capacity 2012K, committed 2048K, reserved 1048576K

Card table byte_map: [0x00000000125a0000,0x0000000012da0000] byte_map_base: 0x000000000ef92000

Marking Bits: (ParMarkBitMap*) 0x000000005aced850
 Begin Bits: [0x0000000013af0000, 0x0000000017a80000)
 End Bits:   [0x0000000017a80000, 0x000000001ba10000)

Polling page: 0x0000000000f40000

CodeCache: size=245760Kb used=3691Kb max_used=3691Kb free=242068Kb
 bounds [0x00000000031e0000, 0x0000000003580000, 0x00000000121e0000]
 total_blobs=1367 nmethods=982 adapters=298
 compilation: enabled

Compilation events (10 events):
Event: 2.715 Thread 0x000000001ebf1800 nmethod 976 0x000000000357a9d0 code [0x000000000357ab80, 0x000000000357b028]
Event: 2.716 Thread 0x000000001ebf1800  977       1       java.lang.AbstractStringBuilder::length (5 bytes)
Event: 2.716 Thread 0x000000001ebf1800 nmethod 977 0x000000000357b1d0 code [0x000000000357b320, 0x000000000357b430]
Event: 2.718 Thread 0x000000001ebf1800  978       3       org.apache.logging.log4j.core.lookup.StrMatcher$StringMatcher::isMatch (58 bytes)
Event: 2.718 Thread 0x000000001ebf1800 nmethod 978 0x000000000357b6d0 code [0x000000000357b840, 0x000000000357bb10]
Event: 2.719 Thread 0x000000001ebf1800  979       3       sun.reflect.ClassFileAssembler::setStack (25 bytes)
Event: 2.719 Thread 0x000000001ebf1800 nmethod 979 0x000000000357bc90 code [0x000000000357bde0, 0x000000000357bf70]
Event: 2.719 Thread 0x000000001ebf1800  980       1       java.lang.reflect.Field::getDeclaringClass (5 bytes)
Event: 2.719 Thread 0x000000001ebf1800 nmethod 980 0x000000000357bfd0 code [0x000000000357c120, 0x000000000357c230]
Event: 2.738 Thread 0x000000001ebf1800  981       3       java.nio.ByteBuffer::<init> (45 bytes)

GC Heap History (0 events):
No events

Deoptimization events (10 events):
Event: 1.152 Thread 0x00000000030e4800 Uncommon trap: reason=bimorphic action=maybe_recompile pc=0x00000000034c3798 method=java.util.HashMap.putVal(ILjava/lang/Object;Ljava/lang/Object;ZZ)Ljava/lang/Object; @ 152
Event: 1.154 Thread 0x00000000030e4800 Uncommon trap: reason=unstable_if action=reinterpret pc=0x00000000033c1ebc method=sun.misc.URLClassPath.getLoader(I)Lsun/misc/URLClassPath$Loader; @ 36
Event: 1.154 Thread 0x00000000030e4800 Uncommon trap: reason=unstable_if action=reinterpret pc=0x00000000034441a4 method=java.io.WinNTFileSystem.normalize(Ljava/lang/String;)Ljava/lang/String; @ 40
Event: 1.154 Thread 0x00000000030e4800 Uncommon trap: reason=unstable_if action=reinterpret pc=0x00000000033b4f44 method=sun.misc.URLClassPath.getLoader(I)Lsun/misc/URLClassPath$Loader; @ 36
Event: 1.154 Thread 0x00000000030e4800 Uncommon trap: reason=unstable_if action=reinterpret pc=0x000000000338878c method=sun.misc.MetaIndex.mayContain(Ljava/lang/String;)Z @ 13
Event: 2.519 Thread 0x00000000030e4800 Uncommon trap: reason=unstable_if action=reinterpret pc=0x00000000034419e8 method=java.util.HashMap.hash(Ljava/lang/Object;)I @ 1
Event: 2.519 Thread 0x00000000030e4800 Uncommon trap: reason=unstable_if action=reinterpret pc=0x000000000350955c method=java.util.HashMap.hash(Ljava/lang/Object;)I @ 1
Event: 2.519 Thread 0x00000000030e4800 Uncommon trap: reason=unstable_if action=reinterpret pc=0x00000000033cd9e8 method=java.util.HashMap.hash(Ljava/lang/Object;)I @ 1
Event: 2.714 Thread 0x00000000030e4800 Uncommon trap: reason=unstable_if action=reinterpret pc=0x000000000352af48 method=java.lang.String.regionMatches(ZILjava/lang/String;II)Z @ 123
Event: 2.719 Thread 0x00000000030e4800 Uncommon trap: reason=unstable_if action=reinterpret pc=0x000000000354f518 method=java.lang.String.regionMatches(ZILjava/lang/String;II)Z @ 123

Internal exceptions (10 events):
Event: 0.568 Thread 0x00000000030e4800 Exception <a 'java/lang/ArrayIndexOutOfBoundsException'> (0x000000076bc14a80) thrown at [C:\re\workspace\8-2-build-windows-amd64-cygwin\jdk8u151\9699\hotspot\src\share\vm\runtime\sharedRuntime.cpp, line 605]
Event: 0.569 Thread 0x00000000030e4800 Exception <a 'java/lang/ArrayIndexOutOfBoundsException'> (0x000000076bc187f0) thrown at [C:\re\workspace\8-2-build-windows-amd64-cygwin\jdk8u151\9699\hotspot\src\share\vm\runtime\sharedRuntime.cpp, line 605]
Event: 0.577 Thread 0x00000000030e4800 Exception <a 'java/lang/ArrayIndexOutOfBoundsException'> (0x000000076bc71ca8) thrown at [C:\re\workspace\8-2-build-windows-amd64-cygwin\jdk8u151\9699\hotspot\src\share\vm\runtime\sharedRuntime.cpp, line 605]
Event: 1.155 Thread 0x00000000030e4800 Exception <a 'java/security/PrivilegedActionException'> (0x000000076cbe95d0) thrown at [C:\re\workspace\8-2-build-windows-amd64-cygwin\jdk8u151\9699\hotspot\src\share\vm\prims\jvm.cpp, line 1390]
Event: 1.155 Thread 0x00000000030e4800 Exception <a 'java/security/PrivilegedActionException'> (0x000000076cbe9bb0) thrown at [C:\re\workspace\8-2-build-windows-amd64-cygwin\jdk8u151\9699\hotspot\src\share\vm\prims\jvm.cpp, line 1390]
Event: 1.156 Thread 0x00000000030e4800 Exception <a 'java/security/PrivilegedActionException'> (0x000000076cbedfc0) thrown at [C:\re\workspace\8-2-build-windows-amd64-cygwin\jdk8u151\9699\hotspot\src\share\vm\prims\jvm.cpp, line 1390]
Event: 1.156 Thread 0x00000000030e4800 Exception <a 'java/security/PrivilegedActionException'> (0x000000076cbee5a0) thrown at [C:\re\workspace\8-2-build-windows-amd64-cygwin\jdk8u151\9699\hotspot\src\share\vm\prims\jvm.cpp, line 1390]
Event: 2.519 Thread 0x00000000030e4800 Implicit null exception at 0x00000000034417d5 to 0x00000000034419d9
Event: 2.519 Thread 0x00000000030e4800 Implicit null exception at 0x0000000003508e3b to 0x0000000003509549
Event: 2.519 Thread 0x00000000030e4800 Implicit null exception at 0x00000000033cd96f to 0x00000000033cd9d9

Events (10 events):
Event: 2.719 Thread 0x00000000030e4800 DEOPT PACKING pc=0x000000000354f518 sp=0x0000000002d3e0e0
Event: 2.719 Thread 0x00000000030e4800 DEOPT UNPACKING pc=0x000000000322582a sp=0x0000000002d3e060 mode 2
Event: 2.719 loading class org/apache/logging/log4j/core/appender/FileManager$FileManagerFactory
Event: 2.719 loading class org/apache/logging/log4j/core/appender/FileManager$FileManagerFactory done
Event: 2.720 loading class org/apache/logging/log4j/core/appender/FileManager$FactoryData
Event: 2.720 loading class org/apache/logging/log4j/core/appender/FileManager$FactoryData done
Event: 2.720 loading class org/apache/logging/log4j/core/appender/ConfigurationFactoryData
Event: 2.720 loading class org/apache/logging/log4j/core/appender/ConfigurationFactoryData done
Event: 2.738 loading class org/apache/logging/log4j/core/config/plugins/PluginAttribute
Event: 2.738 loading class org/apache/logging/log4j/core/config/plugins/PluginAttribute done


Dynamic libraries:
0x00007ff65f030000 - 0x00007ff65f067000 	C:\ProgramData\Oracle\Java\javapath\java.exe
0x00007ff870c50000 - 0x00007ff870e48000 	C:\WINDOWS\SYSTEM32\ntdll.dll
0x00007ff86ff40000 - 0x00007ff86ffff000 	C:\WINDOWS\System32\KERNEL32.DLL
0x00007ff86e6d0000 - 0x00007ff86e9a2000 	C:\WINDOWS\System32\KERNELBASE.dll
0x00007ff86ed70000 - 0x00007ff86ee1e000 	C:\WINDOWS\System32\ADVAPI32.dll
0x00007ff870460000 - 0x00007ff8704fe000 	C:\WINDOWS\System32\msvcrt.dll
0x00007ff86fea0000 - 0x00007ff86ff3c000 	C:\WINDOWS\System32\sechost.dll
0x00007ff870170000 - 0x00007ff870295000 	C:\WINDOWS\System32\RPCRT4.dll
0x00007ff870510000 - 0x00007ff8706b1000 	C:\WINDOWS\System32\USER32.dll
0x00007ff86e4b0000 - 0x00007ff86e4d2000 	C:\WINDOWS\System32\win32u.dll
0x00007ff870420000 - 0x00007ff87044b000 	C:\WINDOWS\System32\GDI32.dll
0x00007ff86ea20000 - 0x00007ff86eb2f000 	C:\WINDOWS\System32\gdi32full.dll
0x00007ff86e4e0000 - 0x00007ff86e57d000 	C:\WINDOWS\System32\msvcp_win.dll
0x00007ff86e580000 - 0x00007ff86e680000 	C:\WINDOWS\System32\ucrtbase.dll
0x00007ff85fa40000 - 0x00007ff85fcda000 	C:\WINDOWS\WinSxS\amd64_microsoft.windows.common-controls_6595b64144ccf1df_6.0.19041.1110_none_60b5254171f9507e\COMCTL32.dll
0x00007ff870130000 - 0x00007ff870162000 	C:\WINDOWS\System32\IMM32.DLL
0x000000005eb00000 - 0x000000005ebd2000 	C:\Program Files\Java\jre1.8.0_151\bin\msvcr100.dll
0x000000005a4d0000 - 0x000000005ad6d000 	C:\Program Files\Java\jre1.8.0_151\bin\server\jvm.dll
0x00007ff870500000 - 0x00007ff870508000 	C:\WINDOWS\System32\PSAPI.DLL
0x00007ff865b30000 - 0x00007ff865b3a000 	C:\WINDOWS\SYSTEM32\VERSION.dll
0x00007ff85ada0000 - 0x00007ff85adc7000 	C:\WINDOWS\SYSTEM32\WINMM.dll
0x00007ff85a620000 - 0x00007ff85a629000 	C:\WINDOWS\SYSTEM32\WSOCK32.dll
0x00007ff8702a0000 - 0x00007ff87030b000 	C:\WINDOWS\System32\WS2_32.dll
0x000000005eaf0000 - 0x000000005eaff000 	C:\Program Files\Java\jre1.8.0_151\bin\verify.dll
0x000000005eac0000 - 0x000000005eae9000 	C:\Program Files\Java\jre1.8.0_151\bin\java.dll
0x000000005eaa0000 - 0x000000005eab6000 	C:\Program Files\Java\jre1.8.0_151\bin\zip.dll
0x00007ff86f160000 - 0x00007ff86f8a4000 	C:\WINDOWS\System32\SHELL32.dll
0x00007ff86c200000 - 0x00007ff86c992000 	C:\WINDOWS\SYSTEM32\windows.storage.dll
0x00007ff86fa70000 - 0x00007ff86fdc5000 	C:\WINDOWS\System32\combase.dll
0x00007ff86dda0000 - 0x00007ff86ddd0000 	C:\WINDOWS\SYSTEM32\Wldp.dll
0x00007ff870310000 - 0x00007ff8703bd000 	C:\WINDOWS\System32\SHCORE.dll
0x00007ff86ee20000 - 0x00007ff86ee75000 	C:\WINDOWS\System32\shlwapi.dll
0x00007ff86e280000 - 0x00007ff86e29f000 	C:\WINDOWS\SYSTEM32\profapi.dll
0x000000005ea80000 - 0x000000005ea9a000 	C:\Program Files\Java\jre1.8.0_151\bin\net.dll
0x00007ff86db00000 - 0x00007ff86db6a000 	C:\WINDOWS\system32\mswsock.dll
0x000000005ea60000 - 0x000000005ea71000 	C:\Program Files\Java\jre1.8.0_151\bin\nio.dll
0x000000005a4c0000 - 0x000000005a4cd000 	C:\Program Files\Java\jre1.8.0_151\bin\management.dll
0x00007ff853ad0000 - 0x00007ff853b1b000 	C:\Program Files (x86)\Sangfor\SSL\ClientComponent\SangforNspX64.dll
0x00007ff86ee80000 - 0x00007ff86efaa000 	C:\WINDOWS\System32\ole32.dll
0x00007ff86fdd0000 - 0x00007ff86fe9d000 	C:\WINDOWS\System32\OLEAUT32.dll
0x00007ff853ab0000 - 0x00007ff853ac7000 	C:\WINDOWS\system32\napinsp.dll
0x00007ff853a90000 - 0x00007ff853aab000 	C:\WINDOWS\system32\pnrpnsp.dll
0x00007ff868c70000 - 0x00007ff868c85000 	C:\WINDOWS\system32\wshbth.dll
0x00007ff869240000 - 0x00007ff86925d000 	C:\WINDOWS\system32\NLAapi.dll
0x00007ff86d7a0000 - 0x00007ff86d7db000 	C:\WINDOWS\SYSTEM32\IPHLPAPI.DLL
0x00007ff86d7e0000 - 0x00007ff86d8aa000 	C:\WINDOWS\SYSTEM32\DNSAPI.dll
0x00007ff870450000 - 0x00007ff870458000 	C:\WINDOWS\System32\NSI.dll
0x00007ff853a70000 - 0x00007ff853a82000 	C:\WINDOWS\System32\winrnr.dll
0x00007ff85eeb0000 - 0x00007ff85eeba000 	C:\Windows\System32\rasadhlp.dll
0x00007ff85f460000 - 0x00007ff85f4e0000 	C:\WINDOWS\System32\fwpuclnt.dll
0x00007ff86e340000 - 0x00007ff86e367000 	C:\WINDOWS\System32\bcrypt.dll

VM Arguments:
jvm_args: -Dapp.name=browsermob-proxy -Dapp.repo=C:\Users\mi\PycharmProjects\live_video\browsermob-proxy-2.1.4\bin\\..\lib -Dbasedir=C:\Users\mi\PycharmProjects\live_video\browsermob-proxy-2.1.4\bin\\.. 
java_command: net.lightbody.bmp.proxy.Main --port=8080
java_class_path (initial): ;C:\Users\mi\PycharmProjects\live_video\browsermob-proxy-2.1.4\bin\\..\etc;C:\Users\mi\PycharmProjects\live_video\browsermob-proxy-2.1.4\bin\\..\lib\browsermob-dist-2.1.4.jar
Launcher Type: SUN_STANDARD

Environment Variables:
JAVA_HOME=C:\Program Files\Java\jdk1.8.0_151
CLASSPATH="C:\Users\mi\PycharmProjects\live_video\browsermob-proxy-2.1.4\bin\\.."\etc;"C:\Users\mi\PycharmProjects\live_video\browsermob-proxy-2.1.4\bin\\..\lib"\*
PATH=C:\Users\mi\anaconda3\lib\site-packages\PyQt5\Qt5\bin;C:\Users\mi\anaconda3;C:\Users\mi\anaconda3\Library\mingw-w64\bin;C:\Users\mi\anaconda3\Library\usr\bin;C:\Users\mi\anaconda3\Library\bin;C:\Users\mi\anaconda3\Scripts;C:\Users\mi\anaconda3\bin;C:\Users\mi\anaconda3\condabin;C:\ProgramData\Oracle\Java\javapath;C:\Program Files\Google\Chrome\Application;C:\Program Files (x86)\Intel\Intel(R) Management Engine Components\iCLS;C:\Program Files\Intel\Intel(R) Management Engine Components\iCLS;C:\Windows\system32;C:\Windows;C:\Windows\System32\Wbem;C:\Windows\System32\WindowsPowerShell\v1.0;C:\Windows\System32\OpenSSH;C:\Program Files (x86)\Intel\Intel(R) Management Engine Components\DAL;C:\Program Files\Intel\Intel(R) Management Engine Components\DAL;C:\Program Files (x86)\Intel\Intel(R) Management Engine Components\IPT;C:\Program Files\Intel\Intel(R) Management Engine Components\IPT;C:\Program Files (x86)\NVIDIA Corporation\PhysX\Common;C:\Program Files\NVIDIA Corporation\NVIDIA NvDLISR;C:\Program Files\Intel\WiFi\bin;C:\Program Files\Common Files\Intel\WirelessCommon;C:\Program Files\Bandizip;C:\WINDOWS\system32;C:\WINDOWS;C:\WINDOWS\System32\Wbem;C:\WINDOWS\System32\WindowsPowerShell\v1.0;C:\WINDOWS\System32\OpenSSH;C:\Program Files\Redis;C:\Program Files (x86)\NetSarang\Xshell 7;C:\Program Files\Java\jdk1.8.0_151\bin;C:\Program Files\Java\jdk1.8.0_151\jre\bin;C:\Program Files\Java\jdk1.8.0_333\bin;C:\Users\mi\AppData\Local\Microsoft\WindowsApps;C:\Program Files\JetBrains\PyCharm Community Edition 2022.2.1\bin;.;C:\Users\mi\AppData\Local\Programs\MiKTeX\miktex\bin\x64;C:\Program Files (x86)\Tencent\QQGameTempest\Hall.57821;C:\Program Files\Java\jdk1.8.0_151\bin;C:\Program Files\Java\jdk1.8.0_151\jre\bin;C:\Program Files\Java\jdk1.8.0_333\bin;.
USERNAME=mi
OS=Windows_NT
PROCESSOR_IDENTIFIER=Intel64 Family 6 Model 142 Stepping 10, GenuineIntel



---------------  S Y S T E M  ---------------

OS: Windows 10.0 , 64 bit Build 19041 (10.0.19041.2364)

CPU:total 8 (initial active 8) (4 cores per cpu, 2 threads per core) family 6 model 142 stepping 10, cmov, cx8, fxsr, mmx, sse, sse2, sse3, ssse3, sse4.1, sse4.2, popcnt, avx, avx2, aes, clmul, erms, 3dnowpref, lzcnt, ht, tsc, tscinvbit, bmi1, bmi2, adx

Memory: 4k page, physical 16658532k(5574048k free), swap 43355780k(5216k free)

vm_info: Java HotSpot(TM) 64-Bit Server VM (25.151-b12) for windows-amd64 JRE (1.8.0_151-b12), built on Sep  5 2017 19:33:46 by "java_re" with MS VC++ 10.0 (VS2010)

time: Fri Feb 17 14:43:59 2023
elapsed time: 2 seconds (0d 0h 0m 2s)

